TN:
SF:src/ERC20/ERC20Base.sol
FN:34,ERC20Base.erc20Base_init
FNDA:2,ERC20Base.erc20Base_init
DA:40,2
DA:40,2
FN:44,ERC20Base.__ERC20Base_init
FNDA:17,ERC20Base.__ERC20Base_init
DA:50,17
DA:50,17
DA:51,17
DA:51,17
DA:52,17
DA:52,17
DA:53,17
DA:53,17
FN:57,ERC20Base.__ERC20Base_init_unchained
FNDA:17,ERC20Base.__ERC20Base_init_unchained
DA:60,17
DA:60,17
DA:60,17
DA:61,17
DA:61,17
FN:72,ERC20Base.decimals
FNDA:1,ERC20Base.decimals
DA:73,18
DA:73,18
DA:73,18
DA:74,18
DA:74,18
FN:85,ERC20Base._getERC20BaseStorage
FNDA:35,ERC20Base._getERC20BaseStorage
DA:91,35
DA:91,35
FNF:5
FNH:5
LF:10
LH:10
BRF:0
BRH:0
end_of_record
TN:
SF:src/ERC20/ERC20Bridged.sol
FN:39,ERC20Bridged.erc20Bridged_init
FNDA:5,ERC20Bridged.erc20Bridged_init
DA:46,5
DA:46,5
FN:56,ERC20Bridged.__ERC20Bridged_init
FNDA:5,ERC20Bridged.__ERC20Bridged_init
DA:63,5
DA:63,5
DA:64,5
DA:64,5
FN:68,ERC20Bridged.__ERC20Bridged_init_unchained
FNDA:5,ERC20Bridged.__ERC20Bridged_init_unchained
DA:71,5
DA:71,5
FN:83,ERC20Bridged.mintTo
FNDA:2,ERC20Bridged.mintTo
DA:84,2
DA:84,2
FN:91,ERC20Bridged.withdraw
FNDA:1,ERC20Bridged.withdraw
DA:92,1
DA:92,1
FN:100,ERC20Bridged.withdrawFrom
FNDA:1,ERC20Bridged.withdrawFrom
DA:101,1
DA:101,1
DA:102,1
DA:102,1
FN:116,ERC20Bridged._update
FNDA:10,ERC20Bridged._update
DA:128,10
DA:128,10
FN:141,ERC20Bridged.ERC20Recover
FNDA:1,ERC20Bridged.ERC20Recover
DA:146,1
DA:146,1
FN:154,ERC20Bridged.pause
FNDA:1,ERC20Bridged.pause
DA:155,1
DA:155,1
FN:159,ERC20Bridged.unpause
FNDA:1,ERC20Bridged.unpause
DA:160,1
DA:160,1
FNF:10
FNH:10
LF:12
LH:12
BRF:0
BRH:0
end_of_record
TN:
SF:src/ERC20/ERC20Compliant.sol
FN:36,ERC20Compliant.erc20Compliant_init
FNDA:3,ERC20Compliant.erc20Compliant_init
DA:43,3
DA:43,3
DA:50,3
DA:50,3
FN:54,ERC20Compliant.__ERC20Compliant_init
FNDA:7,ERC20Compliant.__ERC20Compliant_init
DA:61,7
DA:61,7
DA:62,7
DA:62,7
FN:66,ERC20Compliant.__ERC20Compliant_init_unchained
FNDA:7,ERC20Compliant.__ERC20Compliant_init_unchained
DA:69,7
DA:69,7
FN:84,ERC20Compliant.addBlacklist
FNDA:1,ERC20Compliant.addBlacklist
DA:85,1
DA:85,1
DA:86,1
DA:86,1
FN:96,ERC20Compliant.removeBlacklist
FNDA:1,ERC20Compliant.removeBlacklist
DA:97,1
DA:97,1
FN:111,ERC20Compliant._update
FNDA:22,ERC20Compliant._update
DA:123,21
DA:123,21
FN:132,ERC20Compliant._onceBlacklisted
FNDA:1,ERC20Compliant._onceBlacklisted
DA:133,1
DA:133,1
FN:146,ERC20Compliant.ERC20Recover
FNDA:1,ERC20Compliant.ERC20Recover
DA:151,1
DA:151,1
FN:159,ERC20Compliant.pause
FNDA:1,ERC20Compliant.pause
DA:160,1
DA:160,1
FN:164,ERC20Compliant.unpause
FNDA:1,ERC20Compliant.unpause
DA:165,1
DA:165,1
FNF:10
FNH:10
LF:13
LH:13
BRF:0
BRH:0
end_of_record
TN:
SF:src/ERC20/ERC20WrappedNative.sol
FN:25,ERC20WrappedNative.initialize
FNDA:4,ERC20WrappedNative.initialize
DA:30,4
DA:30,4
FN:41,ERC20WrappedNative.deposit
FNDA:3,ERC20WrappedNative.deposit
DA:42,3
DA:42,3
FN:50,ERC20WrappedNative.depositTo
FNDA:1,ERC20WrappedNative.depositTo
DA:51,1
DA:51,1
FN:59,ERC20WrappedNative.withdraw
FNDA:1,ERC20WrappedNative.withdraw
DA:60,1
DA:60,1
DA:61,1
DA:61,1
DA:61,1
DA:62,1
DA:62,1
BRDA:62,0,0,-
BRDA:62,0,1,1
FN:72,ERC20WrappedNative.withdrawTo
FNDA:2,ERC20WrappedNative.withdrawTo
DA:76,2
DA:76,2
DA:77,2
DA:77,2
DA:77,2
DA:78,2
DA:78,2
BRDA:78,1,0,1
BRDA:78,1,1,1
FNF:5
FNH:5
LF:9
LH:9
BRF:4
BRH:3
end_of_record
TN:
SF:src/ERC20/utils/ERC20Recoverable.sol
FN:27,ERC20Recoverable._recover
FNDA:4,ERC20Recoverable._recover
DA:32,4
DA:32,4
FNF:1
FNH:1
LF:1
LH:1
BRF:0
BRH:0
end_of_record
TN:
SF:src/deployers/ProxyFactory.sol
FN:46,ProxyFactory.initialize
FNDA:4,ProxyFactory.initialize
DA:50,4
DA:50,4
DA:51,4
DA:51,4
FN:61,ProxyFactory.implementation
FNDA:5,ProxyFactory.implementation
DA:62,5
DA:62,5
DA:62,5
FN:72,ProxyFactory.upgradeTo
FNDA:2,ProxyFactory.upgradeTo
DA:73,2
DA:73,2
BRDA:73,0,0,1
BRDA:73,0,1,1
DA:74,1
DA:74,1
DA:76,1
DA:76,1
DA:77,1
DA:77,1
FN:93,ProxyFactory.create
FNDA:2,ProxyFactory.create
DA:97,2
DA:97,2
BRDA:97,1,0,1
BRDA:97,1,1,1
DA:102,1
DA:102,1
DA:102,2
DA:102,1
DA:103,1
DA:103,1
DA:103,1
DA:111,1
DA:111,1
FN:123,ProxyFactory._getProxyFactoryStorage
FNDA:10,ProxyFactory._getProxyFactoryStorage
DA:130,10
DA:130,10
FN:135,ProxyFactory._getImplementation
FNDA:5,ProxyFactory._getImplementation
DA:136,5
DA:136,5
DA:136,5
DA:137,5
DA:137,5
FN:141,ProxyFactory._setImplementation
FNDA:5,ProxyFactory._setImplementation
DA:142,5
DA:142,5
DA:142,5
DA:143,5
DA:143,5
FNF:7
FNH:7
LF:16
LH:16
BRF:4
BRH:4
end_of_record
TN:
SF:src/staking/StakingPlugin.sol
FN:36,StakingPlugin.initialize
FNDA:11,StakingPlugin.initialize
DA:40,11
DA:40,11
DA:41,11
DA:41,11
FN:53,StakingPlugin.claimable
FNDA:7,StakingPlugin.claimable
DA:54,7
DA:54,7
FN:61,StakingPlugin.rewardToken
FNDA:5,StakingPlugin.rewardToken
DA:62,5
DA:62,5
FN:78,StakingPlugin.claim
FNDA:7,StakingPlugin.claim
DA:82,7
DA:82,7
DA:83,7
DA:83,7
BRDA:83,0,0,2
BRDA:83,0,1,5
DA:83,2
DA:85,5
DA:85,5
DA:86,5
DA:86,5
DA:87,5
DA:87,5
FN:99,StakingPlugin.increaseClaimable
FNDA:9,StakingPlugin.increaseClaimable
DA:104,9
DA:104,9
BRDA:104,1,0,8
BRDA:104,1,1,9
DA:104,9
DA:106,8
DA:106,8
DA:107,8
DA:107,8
DA:108,8
DA:108,8
FN:120,StakingPlugin.supportsInterface
FNDA:5,StakingPlugin.supportsInterface
DA:123,5
DA:123,5
DA:123,5
FN:137,StakingPlugin.rescueTokens
FNDA:1,StakingPlugin.rescueTokens
DA:142,1
DA:142,1
FNF:7
FNH:7
LF:15
LH:15
BRF:4
BRH:4
end_of_record
TN:
SF:src/staking/TokenStaking.sol
FN:74,TokenStaking.initialize
FNDA:6,TokenStaking.initialize
DA:79,6
DA:79,6
DA:80,6
DA:80,6
FN:92,TokenStaking.claimableBalance
FNDA:2,TokenStaking.claimableBalance
DA:95,3
DA:95,3
DA:95,8
DA:95,5
DA:96,5
DA:96,5
FN:105,TokenStaking.balanceOf
FNDA:2,TokenStaking.balanceOf
DA:106,2
DA:106,2
DA:106,2
DA:106,2
BRDA:106,0,0,1
BRDA:106,0,1,1
DA:107,1
DA:107,1
DA:107,1
DA:109,1
DA:109,1
DA:109,1
DA:109,1
DA:109,1
FN:120,TokenStaking.stake
FNDA:6,TokenStaking.stake
DA:121,6
DA:121,6
FN:130,TokenStaking.stakeFor
FNDA:1,TokenStaking.stakeFor
DA:135,1
DA:135,1
FN:141,TokenStaking.stakeRewards
FNDA:2,TokenStaking.stakeRewards
DA:142,2
DA:142,2
DA:142,2
DA:142,2
BRDA:142,1,0,1
BRDA:142,1,1,1
DA:142,1
DA:144,1
DA:144,1
DA:144,1
DA:145,1
DA:145,1
FN:154,TokenStaking._stake
FNDA:8,TokenStaking._stake
DA:155,8
DA:155,8
BRDA:155,2,0,8
BRDA:155,2,1,8
DA:155,8
DA:157,8
DA:157,8
DA:157,8
BRDA:157,3,0,7
BRDA:157,3,1,8
DA:158,7
DA:158,7
DA:160,8
DA:160,8
DA:161,8
DA:161,8
DA:163,8
DA:163,8
FN:173,TokenStaking.claim
FNDA:1,TokenStaking.claim
DA:174,1
DA:174,1
FN:182,TokenStaking.claimFor
FNDA:1,TokenStaking.claimFor
DA:186,1
DA:186,1
FN:194,TokenStaking._claim
FNDA:4,TokenStaking._claim
DA:198,4
DA:198,4
DA:198,9
DA:198,5
DA:199,5
DA:199,5
FN:215,TokenStaking.withdraw
FNDA:3,TokenStaking.withdraw
DA:216,3
DA:216,3
FN:225,TokenStaking.withdrawFor
FNDA:1,TokenStaking.withdrawFor
DA:230,1
DA:230,1
FN:239,TokenStaking._withdraw
FNDA:5,TokenStaking._withdraw
DA:244,5
DA:244,5
BRDA:244,4,0,1
BRDA:244,4,1,4
DA:249,4
DA:249,4
DA:250,4
DA:250,4
DA:252,4
DA:252,4
DA:254,4
DA:254,4
FN:260,TokenStaking.exit
FNDA:1,TokenStaking.exit
DA:261,1
DA:261,1
DA:262,1
DA:262,1
FN:274,TokenStaking.addPlugin
FNDA:5,TokenStaking.addPlugin
DA:275,5
DA:275,5
BRDA:275,5,0,-
BRDA:275,5,1,4
DA:280,4
DA:280,4
DA:280,4
DA:280,4
BRDA:280,6,0,1
BRDA:280,6,1,3
DA:281,1
DA:281,1
DA:283,3
DA:283,3
DA:284,3
DA:284,3
FN:292,TokenStaking.removePlugin
FNDA:3,TokenStaking.removePlugin
DA:293,3
DA:293,3
BRDA:293,7,0,1
BRDA:293,7,1,2
DA:295,2
DA:295,2
DA:298,2
DA:298,2
DA:298,2
DA:298,1
DA:298,1
BRDA:298,8,0,-
BRDA:298,8,1,1
DA:299,1
DA:299,1
DA:300,1
DA:300,1
DA:303,2
DA:303,2
FN:311,TokenStaking.getPlugin
FNDA:1,TokenStaking.getPlugin
DA:312,1
DA:312,1
FN:319,TokenStaking.getPluginCount
FNDA:2,TokenStaking.getPluginCount
DA:320,2
DA:320,2
FN:331,TokenStaking.pause
FNDA:1,TokenStaking.pause
DA:332,1
DA:332,1
FN:339,TokenStaking.unpause
FNDA:1,TokenStaking.unpause
DA:340,1
DA:340,1
FN:350,TokenStaking.rescueTokens
FNDA:1,TokenStaking.rescueTokens
DA:355,1
DA:355,1
FN:366,TokenStaking._getTokenStakingStorage
FNDA:98,TokenStaking._getTokenStakingStorage
DA:372,98
DA:372,98
FN:380,TokenStaking.stakingToken
FNDA:1,TokenStaking.stakingToken
DA:381,16
DA:381,16
DA:381,16
DA:382,16
DA:382,16
FN:389,TokenStaking.rewardToken
FNDA:1,TokenStaking.rewardToken
DA:390,9
DA:390,9
DA:390,9
DA:391,9
DA:391,9
FN:398,TokenStaking.totalStaked
FNDA:2,TokenStaking.totalStaked
DA:399,14
DA:399,14
DA:399,14
DA:400,14
DA:400,14
FN:408,TokenStaking.stakedBalance
FNDA:9,TokenStaking.stakedBalance
DA:409,29
DA:409,29
DA:409,29
DA:410,29
DA:410,29
FN:417,TokenStaking._updateStake
FNDA:12,TokenStaking._updateStake
DA:418,12
DA:418,12
DA:418,12
DA:419,12
DA:419,12
FN:427,TokenStaking._updateBalance
FNDA:12,TokenStaking._updateBalance
DA:428,12
DA:428,12
DA:428,12
DA:429,12
DA:429,12
FN:441,TokenStaking._initializeTokens
FNDA:6,TokenStaking._initializeTokens
DA:445,6
DA:445,6
DA:445,6
DA:446,6
DA:446,6
DA:447,6
DA:447,6
FNF:29
FNH:29
LF:63
LH:63
BRF:18
BRH:16
end_of_record
TN:
SF:src/test/TestToken.sol
FN:8,TestToken.
FNDA:0,TestToken.
FN:10,TestToken.mint
FNDA:44,TestToken.mint
DA:11,44
DA:11,44
FNF:2
FNH:1
LF:1
LH:1
BRF:0
BRH:0
end_of_record
TN:
SF:src/utils/access/Blacklist.sol
FN:34,Blacklist.notBlacklisted
FNDA:16,Blacklist.notBlacklisted
DA:35,16
DA:35,16
BRDA:35,0,0,2
BRDA:35,0,1,23
DA:35,1
FN:44,Blacklist.isBlacklisted
FNDA:5,Blacklist.isBlacklisted
DA:47,54
DA:47,54
DA:47,54
DA:48,54
DA:48,54
FN:55,Blacklist._updateBlacklist
FNDA:5,Blacklist._updateBlacklist
DA:56,5
BRDA:56,1,0,3
BRDA:56,1,1,2
DA:57,3
DA:57,3
DA:58,3
DA:58,3
DA:60,2
DA:60,2
DA:61,2
DA:61,2
FN:73,Blacklist._getBlacklistStorage
FNDA:59,Blacklist._getBlacklistStorage
DA:79,59
DA:79,59
FN:88,Blacklist._addBlacklist
FNDA:3,Blacklist._addBlacklist
DA:89,3
DA:89,3
DA:89,3
DA:90,3
DA:90,3
FN:98,Blacklist._removeBlacklist
FNDA:2,Blacklist._removeBlacklist
DA:99,2
DA:99,2
DA:99,2
DA:100,2
DA:100,2
FNF:6
FNH:6
LF:13
LH:13
BRF:4
BRH:4
end_of_record
TN:
SF:src/utils/access/Treason.sol
FN:30,Treason.loyal
FNDA:12,Treason.loyal
DA:31,12
DA:31,12
BRDA:31,0,0,1
BRDA:31,0,1,11
DA:31,1
FN:41,Treason.turncoat
FNDA:1,Treason.turncoat
DA:45,23
DA:45,23
FNF:2
FNH:2
LF:2
LH:2
BRF:2
BRH:2
end_of_record
TN:
SF:src/utils/access/facets/BlacklistFacet.sol
FN:18,BlacklistFacet.addBlacklist
FNDA:3,BlacklistFacet.addBlacklist
DA:21,2
DA:21,2
DA:22,2
DA:22,2
FN:31,BlacklistFacet.removeBlacklist
FNDA:1,BlacklistFacet.removeBlacklist
DA:32,1
DA:32,1
FN:35,BlacklistFacet._onceBlacklisted
FNDA:2,BlacklistFacet._onceBlacklisted
FNF:3
FNH:3
LF:3
LH:3
BRF:0
BRH:0
end_of_record
TN:
SF:src/utils/authorization/AssistedCustody.sol
FN:33,AssistedCustody.__AssistedCustody_init
FNDA:9,AssistedCustody.__AssistedCustody_init
DA:37,9
DA:37,9
FN:40,AssistedCustody.__AssistedCustody_init_unchained
FNDA:9,AssistedCustody.__AssistedCustody_init_unchained
DA:44,9
DA:44,9
BRDA:44,0,0,2
BRDA:44,0,1,7
DA:49,7
DA:49,7
BRDA:49,1,0,1
BRDA:49,1,1,6
DA:54,6
DA:54,6
DA:55,6
DA:55,6
FN:63,AssistedCustody.onlyAuth
FNDA:4,AssistedCustody.onlyAuth
DA:68,4
DA:68,4
FN:82,AssistedCustody._onlyAuth
FNDA:5,AssistedCustody._onlyAuth
DA:87,5
DA:87,5
DA:87,5
DA:88,5
DA:88,5
DA:88,5
DA:90,5
DA:90,5
BRDA:90,2,0,-
BRDA:90,2,1,5
FN:108,AssistedCustody._checkSignature
FNDA:10,AssistedCustody._checkSignature
DA:112,10
DA:112,10
DA:112,10
DA:114,10
DA:114,10
FN:127,AssistedCustody._replaceGatekeeper
FNDA:1,AssistedCustody._replaceGatekeeper
DA:131,1
DA:131,1
BRDA:131,3,0,-
BRDA:131,3,1,1
DA:136,1
DA:136,1
BRDA:136,4,0,-
BRDA:136,4,1,1
DA:137,0
DA:137,0
DA:139,1
DA:139,1
BRDA:139,5,0,-
BRDA:139,5,1,1
DA:140,0
DA:140,0
DA:143,1
DA:143,1
BRDA:143,6,0,-
BRDA:143,6,1,1
DA:144,0
DA:144,0
DA:146,1
DA:146,1
BRDA:146,7,0,-
BRDA:146,7,1,1
FN:157,AssistedCustody._updateOwner
FNDA:1,AssistedCustody._updateOwner
DA:158,1
DA:158,1
BRDA:158,8,0,-
BRDA:158,8,1,1
DA:158,0
DA:159,1
DA:159,1
BRDA:159,9,0,-
BRDA:159,9,1,1
DA:159,0
FNF:7
FNH:7
LF:21
LH:18
BRF:20
BRH:12
end_of_record
TN:
SF:src/utils/authorization/ERC1271.sol
FN:29,ERC1271.isValidSignature
FNDA:2,ERC1271.isValidSignature
DA:33,2
DA:33,2
BRDA:33,0,0,1
BRDA:33,0,1,1
DA:33,1
DA:35,1
DA:35,1
FN:46,ERC1271._hashValidation
FNDA:2,ERC1271._hashValidation
DA:47,2
DA:47,2
DA:48,2
DA:48,2
FN:61,ERC1271._getERC1271Storage
FNDA:4,ERC1271._getERC1271Storage
DA:67,4
DA:67,4
FN:71,ERC1271._validSignature
FNDA:2,ERC1271._validSignature
DA:72,2
DA:72,2
DA:72,2
DA:73,2
DA:73,2
FN:83,ERC1271._updateValidation
FNDA:2,ERC1271._updateValidation
DA:84,2
DA:84,2
DA:84,2
DA:85,2
DA:85,2
FNF:5
FNH:5
LF:9
LH:9
BRF:2
BRH:2
end_of_record
TN:
SF:src/utils/authorization/Ownable.sol
FN:57,Ownable.__Ownable_init
FNDA:16,Ownable.__Ownable_init
DA:58,16
DA:58,16
FN:61,Ownable.__Ownable_init_unchained
FNDA:16,Ownable.__Ownable_init_unchained
DA:64,16
DA:64,16
DA:64,16
BRDA:64,0,0,1
BRDA:64,0,1,15
DA:65,1
DA:65,1
DA:68,15
DA:68,15
FN:76,Ownable.onlyOwner
FNDA:11,Ownable.onlyOwner
DA:77,11
DA:77,11
FN:89,Ownable.owner
FNDA:4,Ownable.owner
DA:90,19
DA:90,19
DA:90,19
DA:91,19
DA:91,19
FN:98,Ownable.pendingOwner
FNDA:1,Ownable.pendingOwner
DA:99,11
DA:99,11
DA:99,11
DA:100,11
DA:100,11
FN:112,Ownable._onlyOwner
FNDA:11,Ownable._onlyOwner
DA:113,11
DA:113,11
BRDA:113,1,0,2
BRDA:113,1,1,9
DA:114,2
DA:114,2
FN:124,Ownable._checkSignature
FNDA:14,Ownable._checkSignature
DA:129,14
DA:129,14
DA:129,14
FN:142,Ownable._transferOwnership
FNDA:2,Ownable._transferOwnership
DA:143,2
DA:143,2
DA:144,2
DA:144,2
FN:152,Ownable._acceptOwnership
FNDA:2,Ownable._acceptOwnership
DA:153,2
DA:153,2
DA:154,2
DA:154,2
FN:165,Ownable._getOwnableStorage
FNDA:49,Ownable._getOwnableStorage
DA:172,49
DA:172,49
FN:177,Ownable._transfer
FNDA:2,Ownable._transfer
DA:178,2
DA:178,2
DA:178,2
DA:179,2
DA:179,2
FN:183,Ownable._accept
FNDA:17,Ownable._accept
DA:184,17
DA:184,17
DA:184,17
DA:185,17
DA:185,17
DA:186,17
DA:186,17
FNF:12
FNH:12
LF:22
LH:22
BRF:4
BRH:4
end_of_record
TN:
SF:src/utils/authorization/facets/AssistedCustodyFacet.sol
FN:7,AssistedCustodyFacet.replaceGatekeeper
FNDA:1,AssistedCustodyFacet.replaceGatekeeper
DA:26,1
DA:26,1
FN:29,AssistedCustodyFacet.updateOwner
FNDA:1,AssistedCustodyFacet.updateOwner
DA:41,1
DA:41,1
FNF:2
FNH:2
LF:2
LH:2
BRF:0
BRH:0
end_of_record
TN:
SF:src/utils/authorization/facets/ERC1271Facet.sol
FN:18,ERC1271Facet.hashValidation
FNDA:2,ERC1271Facet.hashValidation
DA:19,2
DA:19,2
FNF:1
FNH:1
LF:1
LH:1
BRF:0
BRH:0
end_of_record
TN:
SF:src/utils/authorization/facets/OwnableFacet.sol
FN:19,OwnableFacet.transferOwnership
FNDA:4,OwnableFacet.transferOwnership
DA:30,3
DA:30,3
DA:30,3
BRDA:30,0,0,1
BRDA:30,0,1,2
DA:30,1
DA:31,2
DA:31,2
DA:32,2
DA:32,2
FN:41,OwnableFacet.acceptOwnership
FNDA:3,OwnableFacet.acceptOwnership
DA:43,3
DA:43,3
BRDA:42,1,0,1
BRDA:42,1,1,2
DA:48,1
DA:48,1
DA:49,2
DA:49,2
FNF:2
FNH:2
LF:6
LH:6
BRF:4
BRH:4
end_of_record
TN:
SF:src/utils/test/MockOwnable.sol
FN:7,MockOwnable.initialize
FNDA:7,MockOwnable.initialize
DA:8,7
DA:8,7
FNF:1
FNH:1
LF:1
LH:1
BRF:0
BRH:0
end_of_record
TN:
SF:src/utils/test/MockTreason.sol
FN:7,MockTreason.onlyLoyal
FNDA:2,MockTreason.onlyLoyal
FNF:1
FNH:1
LF:0
LH:0
BRF:0
BRH:0
end_of_record
TN:
SF:src/wallet/MultiSignatureWallet.sol
FN:26,MultiSignatureWallet.initialize
FNDA:9,MultiSignatureWallet.initialize
DA:32,9
DA:32,9
DA:33,9
DA:33,9
FN:49,MultiSignatureWallet.execute
FNDA:3,MultiSignatureWallet.execute
DA:56,3
DA:56,3
FNF:2
FNH:2
LF:3
LH:3
BRF:0
BRH:0
end_of_record
TN:
SF:src/wallet/SignatureWallet.sol
FN:25,SignatureWallet.initialize
FNDA:9,SignatureWallet.initialize
DA:30,9
DA:30,9
DA:31,9
DA:31,9
FN:41,SignatureWallet.execute
FNDA:7,SignatureWallet.execute
DA:47,6
DA:47,6
FNF:2
FNH:2
LF:3
LH:3
BRF:0
BRH:0
end_of_record
TN:
SF:src/wallet/abstract/Wallet.sol
FN:55,Wallet.__Wallet_init
FNDA:18,Wallet.__Wallet_init
DA:59,18
DA:59,18
DA:60,18
DA:60,18
FN:63,Wallet.__Wallet_init_unchained
FNDA:18,Wallet.__Wallet_init_unchained
FN:76,Wallet._execute
FNDA:9,Wallet._execute
DA:81,9
DA:81,9
DA:86,9
DA:86,9
DA:88,5
DA:88,5
DA:88,11
DA:88,6
DA:89,6
DA:89,6
BRDA:89,0,0,2
BRDA:89,0,1,2
DA:90,2
DA:90,2
DA:90,2
DA:94,2
DA:94,2
BRDA:94,1,0,2
BRDA:94,1,1,2
DA:94,2
DA:95,4
DA:95,4
BRDA:95,2,0,1
BRDA:95,2,1,4
DA:96,4
DA:96,4
DA:96,4
DA:99,4
DA:99,4
BRDA:99,3,0,1
BRDA:99,3,1,4
DA:99,1
DA:103,5
DA:103,5
BRDA:103,4,0,3
BRDA:103,4,1,5
DA:103,3
FN:116,Wallet.getNonce
FNDA:9,Wallet.getNonce
DA:117,18
DA:117,18
DA:117,18
FN:124,Wallet.domainSeparator
FNDA:10,Wallet.domainSeparator
DA:125,10
DA:125,10
DA:125,10
FN:144,Wallet._updateState
FNDA:9,Wallet._updateState
DA:158,9
DA:158,9
DA:158,9
BRDA:157,5,0,1
BRDA:157,5,1,8
DA:161,1
DA:161,1
DA:163,8
DA:163,8
BRDA:163,6,0,1
BRDA:163,6,1,7
DA:163,1
DA:165,7
DA:165,7
DA:167,7
DA:167,7
DA:167,7
FN:180,Wallet._decodeData
FNDA:7,Wallet._decodeData
DA:192,7
DA:192,7
DA:198,6
DA:198,6
DA:198,6
DA:198,6
DA:199,5
DA:199,5
DA:200,5
DA:200,5
BRDA:197,7,0,1
BRDA:197,7,1,5
DA:201,1
DA:201,1
FNF:7
FNH:7
LF:24
LH:24
BRF:16
BRH:16
end_of_record
TN:
SF:test/helpers/StorageLocation.sol
FN:5,StorageLocation.getERC7201StorageLocation
FNDA:7,StorageLocation.getERC7201StorageLocation
DA:8,7
DA:8,7
DA:9,7
DA:9,7
DA:9,7
DA:10,7
DA:10,7
FNF:1
FNH:1
LF:3
LH:3
BRF:0
BRH:0
end_of_record
