TN:
SF:src/ERC20/ERC20Base.sol
FN:34,ERC20Base.erc20Base_init
FNDA:2,ERC20Base.erc20Base_init
DA:40,2
DA:40,2
FN:44,ERC20Base.__ERC20Base_init
FNDA:2,ERC20Base.__ERC20Base_init
DA:50,2
DA:50,2
DA:51,2
DA:51,2
DA:52,2
DA:52,2
DA:53,2
DA:53,2
FN:57,ERC20Base.__ERC20Base_init_unchained
FNDA:2,ERC20Base.__ERC20Base_init_unchained
DA:60,2
DA:60,2
DA:60,2
DA:61,2
DA:61,2
FN:72,ERC20Base.decimals
FNDA:1,ERC20Base.decimals
DA:73,3
DA:73,3
DA:73,3
DA:74,3
DA:74,3
FN:85,ERC20Base._getERC20BaseStorage
FNDA:5,ERC20Base._getERC20BaseStorage
DA:91,5
DA:91,5
FNF:5
FNH:5
LF:10
LH:10
BRF:0
BRH:0
end_of_record
TN:
SF:src/ERC20/ERC20Bridged.sol
FN:37,ERC20Bridged.erc20Bridged_init
FNDA:0,ERC20Bridged.erc20Bridged_init
DA:44,0
DA:44,0
FN:54,ERC20Bridged.__ERC20Bridged_init
FNDA:0,ERC20Bridged.__ERC20Bridged_init
DA:61,0
DA:61,0
DA:62,0
DA:62,0
FN:66,ERC20Bridged.__ERC20Bridged_init_unchained
FNDA:0,ERC20Bridged.__ERC20Bridged_init_unchained
DA:69,0
DA:69,0
FN:81,ERC20Bridged.mintTo
FNDA:0,ERC20Bridged.mintTo
DA:82,0
DA:82,0
FN:89,ERC20Bridged.withdraw
FNDA:0,ERC20Bridged.withdraw
DA:90,0
DA:90,0
FN:98,ERC20Bridged.withdrawFrom
FNDA:0,ERC20Bridged.withdrawFrom
DA:99,0
DA:99,0
DA:100,0
DA:100,0
FN:114,ERC20Bridged._update
FNDA:0,ERC20Bridged._update
DA:126,0
DA:126,0
FN:134,ERC20Bridged.pause
FNDA:0,ERC20Bridged.pause
DA:135,0
DA:135,0
FN:139,ERC20Bridged.unpause
FNDA:0,ERC20Bridged.unpause
DA:140,0
DA:140,0
FNF:9
FNH:0
LF:11
LH:0
BRF:0
BRH:0
end_of_record
TN:
SF:src/ERC20/utils/ERC20Recoverable.sol
FN:27,ERC20Recoverable._recover
FNDA:1,ERC20Recoverable._recover
DA:32,1
DA:32,1
FNF:1
FNH:1
LF:1
LH:1
BRF:0
BRH:0
end_of_record
TN:
SF:src/deployers/ProxyFactory.sol
FN:46,ProxyFactory.initialize
FNDA:4,ProxyFactory.initialize
DA:50,4
DA:50,4
DA:51,4
DA:51,4
FN:61,ProxyFactory.implementation
FNDA:5,ProxyFactory.implementation
DA:62,5
DA:62,5
DA:62,5
FN:72,ProxyFactory.upgradeTo
FNDA:2,ProxyFactory.upgradeTo
DA:73,2
DA:73,2
BRDA:73,0,0,1
BRDA:73,0,1,1
DA:74,1
DA:74,1
DA:76,1
DA:76,1
DA:77,1
DA:77,1
FN:93,ProxyFactory.create
FNDA:2,ProxyFactory.create
DA:97,2
DA:97,2
BRDA:97,1,0,1
BRDA:97,1,1,1
DA:102,1
DA:102,1
DA:102,2
DA:102,1
DA:103,1
DA:103,1
DA:103,1
DA:111,1
DA:111,1
FN:123,ProxyFactory._getProxyFactoryStorage
FNDA:10,ProxyFactory._getProxyFactoryStorage
DA:130,10
DA:130,10
FN:135,ProxyFactory._getImplementation
FNDA:5,ProxyFactory._getImplementation
DA:136,5
DA:136,5
DA:136,5
DA:137,5
DA:137,5
FN:141,ProxyFactory._setImplementation
FNDA:5,ProxyFactory._setImplementation
DA:142,5
DA:142,5
DA:142,5
DA:143,5
DA:143,5
FNF:7
FNH:7
LF:16
LH:16
BRF:4
BRH:4
end_of_record
TN:
SF:src/staking/StakingPlugin.sol
FN:26,StakingPlugin.
FNDA:4,StakingPlugin.
DA:30,2
DA:30,2
FN:43,StakingPlugin.claimable
FNDA:2,StakingPlugin.claimable
DA:44,2
DA:44,2
FN:59,StakingPlugin.claim
FNDA:2,StakingPlugin.claim
DA:60,2
DA:60,2
DA:61,2
DA:61,2
BRDA:61,0,0,1
BRDA:61,0,1,1
DA:61,1
DA:63,1
DA:63,1
DA:64,1
DA:64,1
DA:65,1
DA:65,1
FN:77,StakingPlugin.increaseClaimable
FNDA:3,StakingPlugin.increaseClaimable
DA:82,3
DA:82,3
BRDA:82,1,0,2
BRDA:82,1,1,3
DA:82,3
DA:84,2
DA:84,2
DA:85,2
DA:85,2
DA:86,2
DA:86,2
FN:98,StakingPlugin.supportsInterface
FNDA:1,StakingPlugin.supportsInterface
DA:101,1
DA:101,1
DA:101,1
FN:115,StakingPlugin.rescueTokens
FNDA:1,StakingPlugin.rescueTokens
DA:120,1
DA:120,1
FNF:6
FNH:6
LF:13
LH:13
BRF:4
BRH:4
end_of_record
TN:
SF:src/staking/TokenStaking.sol
FN:50,TokenStaking.initialize
FNDA:0,TokenStaking.initialize
DA:54,0
DA:54,0
DA:54,0
DA:55,0
DA:55,0
DA:56,0
DA:56,0
FN:68,TokenStaking.claimableBalance
FNDA:0,TokenStaking.claimableBalance
DA:71,0
DA:71,0
DA:71,0
DA:71,0
DA:72,0
DA:72,0
FN:81,TokenStaking.balanceOf
FNDA:0,TokenStaking.balanceOf
DA:82,0
DA:82,0
DA:82,0
DA:82,0
DA:82,0
FN:93,TokenStaking.stake
FNDA:0,TokenStaking.stake
DA:94,0
DA:94,0
FN:103,TokenStaking.stakeFor
FNDA:0,TokenStaking.stakeFor
DA:108,0
DA:108,0
FN:114,TokenStaking.stakeRewards
FNDA:0,TokenStaking.stakeRewards
DA:115,0
DA:115,0
DA:115,0
DA:115,0
BRDA:115,0,0,-
BRDA:115,0,1,-
DA:115,0
DA:117,0
DA:117,0
DA:117,0
DA:118,0
DA:118,0
DA:119,0
DA:119,0
FN:125,TokenStaking._stake
FNDA:0,TokenStaking._stake
DA:126,0
DA:126,0
BRDA:126,1,0,-
BRDA:126,1,1,-
DA:126,0
DA:128,0
DA:128,0
DA:130,0
DA:130,0
DA:131,0
DA:131,0
DA:133,0
DA:133,0
FN:143,TokenStaking.claim
FNDA:0,TokenStaking.claim
DA:144,0
DA:144,0
FN:152,TokenStaking.claimFor
FNDA:0,TokenStaking.claimFor
DA:156,0
DA:156,0
FN:162,TokenStaking._claim
FNDA:0,TokenStaking._claim
DA:163,0
DA:163,0
DA:163,0
DA:163,0
DA:165,0
DA:165,0
FN:178,TokenStaking.withdraw
FNDA:0,TokenStaking.withdraw
DA:179,0
DA:179,0
FN:188,TokenStaking.withdrawFor
FNDA:0,TokenStaking.withdrawFor
DA:193,0
DA:193,0
FN:199,TokenStaking._withdraw
FNDA:0,TokenStaking._withdraw
DA:204,0
DA:204,0
BRDA:204,2,0,-
BRDA:204,2,1,-
DA:209,0
DA:209,0
DA:210,0
DA:210,0
DA:212,0
DA:212,0
DA:214,0
DA:214,0
FN:220,TokenStaking.exit
FNDA:0,TokenStaking.exit
DA:221,0
DA:221,0
DA:222,0
DA:222,0
FN:234,TokenStaking.addPlugin
FNDA:0,TokenStaking.addPlugin
DA:235,0
DA:235,0
BRDA:235,3,0,-
BRDA:235,3,1,-
DA:240,0
DA:240,0
DA:241,0
DA:241,0
FN:249,TokenStaking.removePlugin
FNDA:0,TokenStaking.removePlugin
DA:250,0
DA:250,0
BRDA:250,4,0,-
BRDA:250,4,1,-
DA:252,0
DA:252,0
DA:253,0
DA:253,0
DA:254,0
DA:254,0
DA:255,0
DA:255,0
FN:265,TokenStaking.pause
FNDA:0,TokenStaking.pause
DA:266,0
DA:266,0
FN:272,TokenStaking.unpause
FNDA:0,TokenStaking.unpause
DA:273,0
DA:273,0
FN:283,TokenStaking.rescueTokens
FNDA:0,TokenStaking.rescueTokens
DA:288,0
DA:288,0
FN:299,TokenStaking._getTokenStakingStorage
FNDA:0,TokenStaking._getTokenStakingStorage
DA:305,0
DA:305,0
FN:309,TokenStaking.stakingToken
FNDA:0,TokenStaking.stakingToken
DA:310,0
DA:310,0
DA:310,0
DA:311,0
DA:311,0
FN:314,TokenStaking.rewardToken
FNDA:0,TokenStaking.rewardToken
DA:315,0
DA:315,0
DA:315,0
DA:316,0
DA:316,0
FN:319,TokenStaking.totalStaked
FNDA:0,TokenStaking.totalStaked
DA:320,0
DA:320,0
DA:320,0
DA:321,0
DA:321,0
FN:324,TokenStaking.updateStake
FNDA:0,TokenStaking.updateStake
DA:325,0
DA:325,0
DA:325,0
DA:326,0
DA:326,0
FN:329,TokenStaking.stakedBalance
FNDA:0,TokenStaking.stakedBalance
DA:330,0
DA:330,0
DA:330,0
DA:331,0
DA:331,0
FN:334,TokenStaking.updateBalance
FNDA:0,TokenStaking.updateBalance
DA:335,0
DA:335,0
DA:335,0
DA:336,0
DA:336,0
FNF:26
FNH:0
LF:54
LH:0
BRF:10
BRH:0
end_of_record
TN:
SF:src/test/TestToken.sol
FN:8,TestToken.
FNDA:0,TestToken.
FN:10,TestToken.mint
FNDA:11,TestToken.mint
DA:11,11
DA:11,11
FNF:2
FNH:1
LF:1
LH:1
BRF:0
BRH:0
end_of_record
TN:
SF:src/utils/access/Blacklist.sol
FN:34,Blacklist.notBlacklisted
FNDA:3,Blacklist.notBlacklisted
DA:35,3
DA:35,3
BRDA:35,0,0,1
BRDA:35,0,1,2
DA:35,1
FN:44,Blacklist.isBlacklisted
FNDA:3,Blacklist.isBlacklisted
DA:47,6
DA:47,6
DA:47,6
DA:48,6
DA:48,6
FN:55,Blacklist._updateBlacklist
FNDA:3,Blacklist._updateBlacklist
DA:56,3
BRDA:56,1,0,2
BRDA:56,1,1,1
DA:57,2
DA:57,2
DA:58,2
DA:58,2
DA:60,1
DA:60,1
DA:61,1
DA:61,1
FN:73,Blacklist._getBlacklistStorage
FNDA:9,Blacklist._getBlacklistStorage
DA:79,9
DA:79,9
FN:88,Blacklist._addBlacklist
FNDA:2,Blacklist._addBlacklist
DA:89,2
DA:89,2
DA:89,2
DA:90,2
DA:90,2
FN:98,Blacklist._removeBlacklist
FNDA:1,Blacklist._removeBlacklist
DA:99,1
DA:99,1
DA:99,1
DA:100,1
DA:100,1
FNF:6
FNH:6
LF:13
LH:13
BRF:4
BRH:4
end_of_record
TN:
SF:src/utils/access/Treason.sol
FN:30,Treason.loyal
FNDA:0,Treason.loyal
DA:31,0
DA:31,0
BRDA:31,0,0,-
BRDA:31,0,1,-
DA:31,0
FN:41,Treason.turncoat
FNDA:0,Treason.turncoat
DA:45,0
DA:45,0
FNF:2
FNH:0
LF:2
LH:0
BRF:2
BRH:0
end_of_record
TN:
SF:src/utils/access/facets/BlacklistFacet.sol
FN:18,BlacklistFacet.addBlacklist
FNDA:3,BlacklistFacet.addBlacklist
DA:21,2
DA:21,2
DA:22,2
DA:22,2
FN:31,BlacklistFacet.removeBlacklist
FNDA:1,BlacklistFacet.removeBlacklist
DA:32,1
DA:32,1
FN:35,BlacklistFacet._onceBlacklisted
FNDA:2,BlacklistFacet._onceBlacklisted
FNF:3
FNH:3
LF:3
LH:3
BRF:0
BRH:0
end_of_record
TN:
SF:src/utils/authorization/ERC1271.sol
FN:29,ERC1271.isValidSignature
FNDA:2,ERC1271.isValidSignature
DA:33,2
DA:33,2
BRDA:33,0,0,1
BRDA:33,0,1,1
DA:33,1
DA:35,1
DA:35,1
FN:46,ERC1271._hashValidation
FNDA:2,ERC1271._hashValidation
DA:47,2
DA:47,2
DA:48,2
DA:48,2
FN:61,ERC1271._getERC1271Storage
FNDA:4,ERC1271._getERC1271Storage
DA:67,4
DA:67,4
FN:71,ERC1271._validSignature
FNDA:2,ERC1271._validSignature
DA:72,2
DA:72,2
DA:72,2
DA:73,2
DA:73,2
FN:83,ERC1271._updateValidation
FNDA:2,ERC1271._updateValidation
DA:84,2
DA:84,2
DA:84,2
DA:85,2
DA:85,2
FNF:5
FNH:5
LF:9
LH:9
BRF:2
BRH:2
end_of_record
TN:
SF:src/utils/authorization/Ownable.sol
FN:57,Ownable.__Ownable_init
FNDA:16,Ownable.__Ownable_init
DA:58,16
DA:58,16
FN:61,Ownable.__Ownable_init_unchained
FNDA:16,Ownable.__Ownable_init_unchained
DA:64,16
DA:64,16
DA:64,16
BRDA:64,0,0,1
BRDA:64,0,1,15
DA:65,1
DA:65,1
DA:68,15
DA:68,15
FN:76,Ownable.onlyOwner
FNDA:11,Ownable.onlyOwner
DA:77,11
DA:77,11
FN:89,Ownable.owner
FNDA:4,Ownable.owner
DA:90,19
DA:90,19
DA:90,19
DA:91,19
DA:91,19
FN:98,Ownable.pendingOwner
FNDA:1,Ownable.pendingOwner
DA:99,11
DA:99,11
DA:99,11
DA:100,11
DA:100,11
FN:108,Ownable._onlyOwner
FNDA:11,Ownable._onlyOwner
DA:109,11
DA:109,11
BRDA:109,1,0,2
BRDA:109,1,1,9
DA:110,2
DA:110,2
FN:119,Ownable._transferOwnership
FNDA:2,Ownable._transferOwnership
DA:120,2
DA:120,2
DA:121,2
DA:121,2
FN:129,Ownable._acceptOwnership
FNDA:2,Ownable._acceptOwnership
DA:130,2
DA:130,2
DA:131,2
DA:131,2
FN:141,Ownable._checkSignature
FNDA:14,Ownable._checkSignature
DA:146,14
DA:146,14
DA:146,14
FN:157,Ownable._getOwnableStorage
FNDA:49,Ownable._getOwnableStorage
DA:164,49
DA:164,49
FN:169,Ownable._transfer
FNDA:2,Ownable._transfer
DA:170,2
DA:170,2
DA:170,2
DA:171,2
DA:171,2
FN:175,Ownable._accept
FNDA:17,Ownable._accept
DA:176,17
DA:176,17
DA:176,17
DA:177,17
DA:177,17
DA:178,17
DA:178,17
FNF:12
FNH:12
LF:22
LH:22
BRF:4
BRH:4
end_of_record
TN:
SF:src/utils/authorization/facets/ERC1271Facet.sol
FN:18,ERC1271Facet.hashValidation
FNDA:2,ERC1271Facet.hashValidation
DA:19,2
DA:19,2
FNF:1
FNH:1
LF:1
LH:1
BRF:0
BRH:0
end_of_record
TN:
SF:src/utils/authorization/facets/OwnableFacet.sol
FN:19,OwnableFacet.transferOwnership
FNDA:4,OwnableFacet.transferOwnership
DA:30,3
DA:30,3
DA:30,3
BRDA:30,0,0,1
BRDA:30,0,1,2
DA:30,1
DA:31,2
DA:31,2
DA:32,2
DA:32,2
FN:41,OwnableFacet.acceptOwnership
FNDA:3,OwnableFacet.acceptOwnership
DA:43,3
DA:43,3
BRDA:42,1,0,1
BRDA:42,1,1,2
DA:48,1
DA:48,1
DA:49,2
DA:49,2
FNF:2
FNH:2
LF:6
LH:6
BRF:4
BRH:4
end_of_record
TN:
SF:src/utils/test/MockOwnable.sol
FN:7,MockOwnable.initialize
FNDA:7,MockOwnable.initialize
DA:8,7
DA:8,7
FNF:1
FNH:1
LF:1
LH:1
BRF:0
BRH:0
end_of_record
TN:
SF:src/wallet/SignatureWallet.sol
FN:25,SignatureWallet.initialize
FNDA:9,SignatureWallet.initialize
DA:30,9
DA:30,9
DA:31,9
DA:31,9
FN:41,SignatureWallet.execute
FNDA:7,SignatureWallet.execute
DA:47,6
DA:47,6
FNF:2
FNH:2
LF:3
LH:3
BRF:0
BRH:0
end_of_record
TN:
SF:src/wallet/abstract/AssistedSelfCustody.sol
FN:12,AssistedSelfCustody.__AssistedSelfCustody_init
FNDA:0,AssistedSelfCustody.__AssistedSelfCustody_init
DA:16,0
DA:16,0
FN:19,AssistedSelfCustody.__AssistedSelfCustody_init_unchained
FNDA:0,AssistedSelfCustody.__AssistedSelfCustody_init_unchained
DA:23,0
DA:23,0
BRDA:23,0,0,-
BRDA:23,0,1,-
DA:28,0
DA:28,0
BRDA:28,1,0,-
BRDA:28,1,1,-
DA:33,0
DA:33,0
DA:34,0
DA:34,0
FN:37,AssistedSelfCustody._replaceGatekeeper
FNDA:0,AssistedSelfCustody._replaceGatekeeper
DA:41,0
DA:41,0
BRDA:41,2,0,-
BRDA:41,2,1,-
DA:46,0
DA:46,0
BRDA:46,3,0,-
BRDA:46,3,1,-
DA:47,0
DA:47,0
DA:49,0
DA:49,0
BRDA:49,4,0,-
BRDA:49,4,1,-
DA:50,0
DA:50,0
DA:53,0
DA:53,0
BRDA:53,5,0,-
BRDA:53,5,1,-
DA:54,0
DA:54,0
DA:56,0
DA:56,0
BRDA:56,6,0,-
BRDA:56,6,1,-
FN:59,AssistedSelfCustody._replaceOwner
FNDA:0,AssistedSelfCustody._replaceOwner
DA:60,0
DA:60,0
BRDA:60,7,0,-
BRDA:60,7,1,-
DA:60,0
DA:61,0
DA:61,0
DA:61,0
BRDA:61,8,0,-
BRDA:61,8,1,-
DA:61,0
DA:62,0
DA:62,0
DA:62,0
BRDA:62,9,0,-
BRDA:62,9,1,-
DA:62,0
DA:64,0
DA:64,0
BRDA:64,10,0,-
BRDA:64,10,1,-
FNF:4
FNH:0
LF:17
LH:0
BRF:22
BRH:0
end_of_record
TN:
SF:src/wallet/abstract/Wallet.sol
FN:55,Wallet.__Wallet_init
FNDA:9,Wallet.__Wallet_init
DA:59,9
DA:59,9
DA:60,9
DA:60,9
FN:63,Wallet.__Wallet_init_unchained
FNDA:9,Wallet.__Wallet_init_unchained
FN:76,Wallet._execute
FNDA:6,Wallet._execute
DA:81,6
DA:81,6
DA:86,6
DA:86,6
DA:88,2
DA:88,2
DA:88,5
DA:88,3
DA:89,3
DA:89,3
BRDA:89,0,0,1
BRDA:89,0,1,1
DA:90,1
DA:90,1
DA:90,1
DA:94,1
DA:94,1
BRDA:94,1,0,1
BRDA:94,1,1,1
DA:94,1
DA:95,2
DA:95,2
BRDA:95,2,0,1
BRDA:95,2,1,2
DA:96,2
DA:96,2
DA:96,2
DA:99,2
DA:99,2
BRDA:99,3,0,1
BRDA:99,3,1,2
DA:99,1
DA:103,2
DA:103,2
BRDA:103,4,0,2
BRDA:103,4,1,2
DA:103,2
FN:116,Wallet.getNonce
FNDA:6,Wallet.getNonce
DA:117,12
DA:117,12
DA:117,12
FN:120,Wallet.domainSeparator
FNDA:7,Wallet.domainSeparator
DA:121,7
DA:121,7
DA:121,7
FN:140,Wallet._updateState
FNDA:6,Wallet._updateState
DA:154,6
DA:154,6
DA:154,6
BRDA:153,5,0,1
BRDA:153,5,1,5
DA:157,1
DA:157,1
DA:159,5
DA:159,5
BRDA:159,6,0,1
BRDA:159,6,1,4
DA:159,1
DA:161,4
DA:161,4
DA:163,4
DA:163,4
DA:163,4
FN:176,Wallet._decodeData
FNDA:4,Wallet._decodeData
DA:188,4
DA:188,4
DA:194,3
DA:194,3
DA:194,3
DA:194,3
DA:195,2
DA:195,2
DA:196,2
DA:196,2
BRDA:193,7,0,1
BRDA:193,7,1,2
DA:197,1
DA:197,1
FNF:7
FNH:7
LF:24
LH:24
BRF:16
BRH:16
end_of_record
TN:
SF:test/helpers/StorageLocation.sol
FN:5,StorageLocation.getERC7201StorageLocation
FNDA:6,StorageLocation.getERC7201StorageLocation
DA:8,6
DA:8,6
DA:9,6
DA:9,6
DA:9,6
DA:10,6
DA:10,6
FNF:1
FNH:1
LF:3
LH:3
BRF:0
BRH:0
end_of_record
